----------

Tue Apr 28 2020 01:26:18 GMT-0400 (Eastern Daylight Time)

fatal: not a git repository (or any of the parent directories): .git


----------

Tue Apr 28 2020 01:26:18 GMT-0400 (Eastern Daylight Time)

fatal: not a git repository (or any of the parent directories): .git


----------

Tue Apr 28 2020 01:26:18 GMT-0400 (Eastern Daylight Time)

fatal: not a git repository (or any of the parent directories): .git


----------

Tue Apr 28 2020 01:43:08 GMT-0400 (Eastern Daylight Time)

Everything up-to-date


----------

Tue Apr 28 2020 01:48:24 GMT-0400 (Eastern Daylight Time)

To https://github.com/maryataylor/maryataylor.github.io.git
   930568a..a746ffb  master -> master


----------

Tue Apr 28 2020 01:52:01 GMT-0400 (Eastern Daylight Time)

To https://github.com/maryataylor/maryataylor.github.io.git
   a746ffb..f6a73ba  master -> master


----------

Tue Apr 28 2020 12:10:30 GMT-0400 (Eastern Daylight Time)

To https://github.com/maryataylor/maryataylor.github.io.git
   3f93867..ae0604f  master -> master


----------

Fri May 01 2020 19:04:43 GMT-0400 (Eastern Daylight Time)

To https://github.com/maryataylor/maryataylor.github.io.git
   ae0604f..3ee4375  master -> master


